<?xml version="1.0" encoding="UTF-8"?>
<!-- Generated by org.testng.reporters.JUnitReportReporter -->
<testsuite hostname="DESKTOP-0LMUMNL" failures="0" tests="1" name="Qualicoach_EditUser.UpdateUserProfile" time="29.366" errors="0" timestamp="12 Sep 2021 06:17:41 GMT" skipped="0">
  <testcase classname="Qualicoach_EditUser.UpdateUserProfile" name="EditUserProfileGeneral" time="29.366"/>
</testsuite> <!-- Qualicoach_EditUser.UpdateUserProfile -->
